<?xml version="1.0" encoding="UTF-8"?>
<!-- Generated by org.testng.reporters.JUnitXMLReporter -->
<testsuite ignored="0" hostname="LAPTOP-MGTREQ7R" failures="0" tests="1" name="Chrometest" time="2.716" errors="0" timestamp="2025-11-25T12:13:14 IST">
  <testcase classname="testscript.Base" name="@BeforeMethod browserInitialisation" time="2.598">
    <failure type="java.lang.NullPointerException">
      <![CDATA[java.lang.NullPointerException
at java.base/java.util.Objects.requireNonNull(Objects.java:233)
at java.base/java.util.ImmutableCollections$Map1.<init>(ImmutableCollections.java:1112)
at java.base/java.util.Map.of(Map.java:1365)
at org.openqa.selenium.remote.DriverCommand.GET(DriverCommand.java:176)
at org.openqa.selenium.remote.RemoteWebDriver.get(RemoteWebDriver.java:312)
at testscript.Base.browserInitialisation(Base.java:47)
at java.base/java.util.ArrayList.forEach(ArrayList.java:1596)
at java.base/java.util.concurrent.FutureTask.run(FutureTask.java:317)
at java.base/java.util.concurrent.ThreadPoolExecutor.runWorker(ThreadPoolExecutor.java:1144)
at java.base/java.util.concurrent.ThreadPoolExecutor$Worker.run(ThreadPoolExecutor.java:642)
at java.base/java.lang.Thread.run(Thread.java:1583)
... Removed 19 stack frames]]>
    </failure>
  </testcase> <!-- @BeforeMethod browserInitialisation -->
  <testcase classname="testscript.ManageNewsTest" name="verifyTheUserIsAbleToEnterTheManageNews" time="0.0">
    <skipped/>
  </testcase> <!-- verifyTheUserIsAbleToEnterTheManageNews -->
</testsuite> <!-- Chrometest -->
