<?xml version="1.0" encoding="UTF-8"?>
<testng-results ignored="0" total="4" passed="4" failed="0" skipped="0">
  <reporter-output>
  </reporter-output>
  <suite started-at="2025-12-02T14:14:57 IST" name="Suite" finished-at="2025-12-02T14:15:22 IST" duration-ms="25107">
    <groups>
      <group name="regression">
        <method signature="LoginTest.verifyTheUserIsAbleToLoginUsingValidCredentials()[pri:0, instance:testscript.LoginTest@7fee8714]" name="verifyTheUserIsAbleToLoginUsingValidCredentials" class="testscript.LoginTest"/>
      </group> <!-- regression -->
    </groups>
    <test started-at="2025-12-02T14:14:57 IST" name="Test" finished-at="2025-12-02T14:15:22 IST" duration-ms="25107">
      <class name="testscript.LoginTest">
        <test-method is-config="true" signature="browserInitialisation(java.lang.String)[pri:0, instance:testscript.LoginTest@7fee8714]" started-at="2025-12-02T14:14:57 IST" name="browserInitialisation" finished-at="2025-12-02T14:15:02 IST" duration-ms="4657" status="PASS">
          <params>
            <param index="0">
              <value>
                <![CDATA[Chrome]]>
              </value>
            </param>
          </params>
          <reporter-output>
          </reporter-output>
        </test-method> <!-- browserInitialisation -->
        <test-method signature="verifyTheUserIsAbleToLoginUsingCorrectUsernameAndInCorrectPassword()[pri:0, instance:testscript.LoginTest@7fee8714]" started-at="2025-12-02T14:15:02 IST" name="verifyTheUserIsAbleToLoginUsingCorrectUsernameAndInCorrectPassword" finished-at="2025-12-02T14:15:03 IST" duration-ms="1043" status="PASS">
          <reporter-output>
          </reporter-output>
        </test-method> <!-- verifyTheUserIsAbleToLoginUsingCorrectUsernameAndInCorrectPassword -->
        <test-method is-config="true" signature="quitClose(org.testng.ITestResult)[pri:0, instance:testscript.LoginTest@7fee8714]" started-at="2025-12-02T14:15:03 IST" name="quitClose" finished-at="2025-12-02T14:15:03 IST" duration-ms="2" status="PASS">
          <params>
            <param index="0">
              <value>
                <![CDATA[[TestResult name=verifyTheUserIsAbleToLoginUsingCorrectUsernameAndInCorrectPassword status=SUCCESS method=LoginTest.verifyTheUserIsAbleToLoginUsingCorrectUsernameAndInCorrectPassword()[pri:0, instance:testscript.LoginTest@7fee8714] output={null}]]]>
              </value>
            </param>
          </params>
          <reporter-output>
          </reporter-output>
        </test-method> <!-- quitClose -->
        <test-method is-config="true" signature="browserInitialisation(java.lang.String)[pri:0, instance:testscript.LoginTest@7fee8714]" started-at="2025-12-02T14:15:03 IST" name="browserInitialisation" finished-at="2025-12-02T14:15:06 IST" duration-ms="3268" status="PASS">
          <params>
            <param index="0">
              <value>
                <![CDATA[Chrome]]>
              </value>
            </param>
          </params>
          <reporter-output>
          </reporter-output>
        </test-method> <!-- browserInitialisation -->
        <test-method signature="verifyTheUserIsAbleToLoginUsingIncorrectUsernameAndCorrectPassword()[pri:0, instance:testscript.LoginTest@7fee8714]" started-at="2025-12-02T14:15:06 IST" name="verifyTheUserIsAbleToLoginUsingIncorrectUsernameAndCorrectPassword" finished-at="2025-12-02T14:15:07 IST" duration-ms="895" status="PASS">
          <reporter-output>
          </reporter-output>
        </test-method> <!-- verifyTheUserIsAbleToLoginUsingIncorrectUsernameAndCorrectPassword -->
        <test-method is-config="true" signature="quitClose(org.testng.ITestResult)[pri:0, instance:testscript.LoginTest@7fee8714]" started-at="2025-12-02T14:15:07 IST" name="quitClose" finished-at="2025-12-02T14:15:07 IST" duration-ms="1" status="PASS">
          <params>
            <param index="0">
              <value>
                <![CDATA[[TestResult name=verifyTheUserIsAbleToLoginUsingIncorrectUsernameAndCorrectPassword status=SUCCESS method=LoginTest.verifyTheUserIsAbleToLoginUsingIncorrectUsernameAndCorrectPassword()[pri:0, instance:testscript.LoginTest@7fee8714] output={null}]]]>
              </value>
            </param>
          </params>
          <reporter-output>
          </reporter-output>
        </test-method> <!-- quitClose -->
        <test-method is-config="true" signature="browserInitialisation(java.lang.String)[pri:0, instance:testscript.LoginTest@7fee8714]" started-at="2025-12-02T14:15:07 IST" name="browserInitialisation" finished-at="2025-12-02T14:15:11 IST" duration-ms="3630" status="PASS">
          <params>
            <param index="0">
              <value>
                <![CDATA[Chrome]]>
              </value>
            </param>
          </params>
          <reporter-output>
          </reporter-output>
        </test-method> <!-- browserInitialisation -->
        <test-method signature="verifyTheUserIsAbleToLoginUsingIncorrectUsernameAndIncorrectPassword()[pri:0, instance:testscript.LoginTest@7fee8714]" started-at="2025-12-02T14:15:11 IST" name="verifyTheUserIsAbleToLoginUsingIncorrectUsernameAndIncorrectPassword" finished-at="2025-12-02T14:15:12 IST" duration-ms="1029" status="PASS">
          <reporter-output>
          </reporter-output>
        </test-method> <!-- verifyTheUserIsAbleToLoginUsingIncorrectUsernameAndIncorrectPassword -->
        <test-method is-config="true" signature="quitClose(org.testng.ITestResult)[pri:0, instance:testscript.LoginTest@7fee8714]" started-at="2025-12-02T14:15:12 IST" name="quitClose" finished-at="2025-12-02T14:15:12 IST" duration-ms="0" status="PASS">
          <params>
            <param index="0">
              <value>
                <![CDATA[[TestResult name=verifyTheUserIsAbleToLoginUsingIncorrectUsernameAndIncorrectPassword status=SUCCESS method=LoginTest.verifyTheUserIsAbleToLoginUsingIncorrectUsernameAndIncorrectPassword()[pri:0, instance:testscript.LoginTest@7fee8714] output={null}]]]>
              </value>
            </param>
          </params>
          <reporter-output>
          </reporter-output>
        </test-method> <!-- quitClose -->
        <test-method is-config="true" signature="browserInitialisation(java.lang.String)[pri:0, instance:testscript.LoginTest@7fee8714]" started-at="2025-12-02T14:15:12 IST" name="browserInitialisation" finished-at="2025-12-02T14:15:16 IST" duration-ms="4333" status="PASS">
          <params>
            <param index="0">
              <value>
                <![CDATA[Chrome]]>
              </value>
            </param>
          </params>
          <reporter-output>
          </reporter-output>
        </test-method> <!-- browserInitialisation -->
        <test-method signature="verifyTheUserIsAbleToLoginUsingValidCredentials()[pri:0, instance:testscript.LoginTest@7fee8714]" started-at="2025-12-02T14:15:16 IST" name="verifyTheUserIsAbleToLoginUsingValidCredentials" finished-at="2025-12-02T14:15:22 IST" duration-ms="6104" status="PASS">
          <reporter-output>
          </reporter-output>
        </test-method> <!-- verifyTheUserIsAbleToLoginUsingValidCredentials -->
        <test-method is-config="true" signature="quitClose(org.testng.ITestResult)[pri:0, instance:testscript.LoginTest@7fee8714]" started-at="2025-12-02T14:15:22 IST" name="quitClose" finished-at="2025-12-02T14:15:22 IST" duration-ms="5" status="PASS">
          <params>
            <param index="0">
              <value>
                <![CDATA[[TestResult name=verifyTheUserIsAbleToLoginUsingValidCredentials status=SUCCESS method=LoginTest.verifyTheUserIsAbleToLoginUsingValidCredentials()[pri:0, instance:testscript.LoginTest@7fee8714] output={null}]]]>
              </value>
            </param>
          </params>
          <reporter-output>
          </reporter-output>
        </test-method> <!-- quitClose -->
      </class> <!-- testscript.LoginTest -->
    </test> <!-- Test -->
  </suite> <!-- Suite -->
</testng-results>
