<?xml version="1.0" encoding="UTF-8"?>
<!-- Generated by org.testng.reporters.JUnitReportReporter -->
<testsuite hostname="LAPTOP-MGTREQ7R" failures="0" tests="4" name="testscript.LoginTest" time="24.967" errors="0" timestamp="2025-12-02T14:15:25 IST" skipped="0">
  <testcase classname="testscript.LoginTest" name="verifyTheUserIsAbleToLoginUsingIncorrectUsernameAndIncorrectPassword" time="4.661"/>
  <testcase classname="testscript.LoginTest" name="verifyTheUserIsAbleToLoginUsingCorrectUsernameAndInCorrectPassword" time="5.376"/>
  <testcase classname="testscript.LoginTest" name="verifyTheUserIsAbleToLoginUsingValidCredentials" time="9.377"/>
  <testcase classname="testscript.LoginTest" name="verifyTheUserIsAbleToLoginUsingIncorrectUsernameAndCorrectPassword" time="5.553"/>
</testsuite> <!-- testscript.LoginTest -->
