<?xml version="1.0" encoding="UTF-8"?>
<!-- Generated by org.testng.reporters.JUnitXMLReporter -->
<testsuite ignored="0" hostname="LAPTOP-MGTREQ7R" failures="0" tests="4" name="Test" time="25.107" errors="0" timestamp="2025-12-02T14:15:25 IST">
  <testcase classname="testscript.LoginTest" name="verifyTheUserIsAbleToLoginUsingCorrectUsernameAndInCorrectPassword" time="1.043"/>
  <testcase classname="testscript.LoginTest" name="verifyTheUserIsAbleToLoginUsingIncorrectUsernameAndCorrectPassword" time="0.895"/>
  <testcase classname="testscript.LoginTest" name="verifyTheUserIsAbleToLoginUsingIncorrectUsernameAndIncorrectPassword" time="1.029"/>
  <testcase classname="testscript.LoginTest" name="verifyTheUserIsAbleToLoginUsingValidCredentials" time="6.104"/>
</testsuite> <!-- Test -->
